
4월 15, 2023 21:57:36.933 NEW SESSION
4월 15, 2023 21:57:36.933 [3324:16172:0415/215736.932:ERROR:device_event_log_impl.cc(222)] [21:57:36.931] USB: usb_device_handle_win.cc:1046 Failed to read descriptor from node connection: 시스템에 부착된 장치가 작동하지 않습니다. (0x1F)
4월 15, 2023 21:57:37.66 INFO: Created TensorFlow Lite XNNPACK delegate for CPU.
4월 15, 2023 21:57:39.769 [3324:14556:0415/215739.769:ERROR:shell_integration_win.cc(708)] Chrome could not be set as default browser.
4월 15, 2023 23:33:48.179 [13684:17204:0415/233348.179:ERROR:device_event_log_impl.cc(222)] [23:33:48.179] USB: usb_device_handle_win.cc:1046 Failed to read descriptor from node connection: 시스템에 부착된 장치가 작동하지 않습니다. (0x1F)
4월 15, 2023 23:33:48.310 INFO: Created TensorFlow Lite XNNPACK delegate for CPU.

4월 17, 2023 13:08:32.865 NEW SESSION
4월 17, 2023 13:08:32.865 [7844:3656:0417/130832.863:ERROR:device_event_log_impl.cc(222)] [13:08:32.863] USB: usb_device_handle_win.cc:1046 Failed to read descriptor from node connection: 시스템에 부착된 장치가 작동하지 않습니다. (0x1F)
4월 17, 2023 13:08:33.476 INFO: Created TensorFlow Lite XNNPACK delegate for CPU.

4월 17, 2023 14:59:06.85 NEW SESSION
4월 17, 2023 14:59:06.85 [6608:6536:0417/145906.082:ERROR:device_event_log_impl.cc(222)] [14:59:06.082] USB: usb_device_handle_win.cc:1046 Failed to read descriptor from node connection: 시스템에 부착된 장치가 작동하지 않습니다. (0x1F)
4월 17, 2023 14:59:06.339 INFO: Created TensorFlow Lite XNNPACK delegate for CPU.
4월 17, 2023 15:18:44.607 [6608:18292:0417/151844.607:ERROR:connection_factory_impl.cc(472)] ConnectionHandler failed with net error: -2
4월 17, 2023 15:18:44.971 [6608:6536:0417/151844.971:ERROR:device_event_log_impl.cc(222)] [15:18:44.959] USB: usb_service_win.cc:104 SetupDiGetDeviceProperty({{A45C254E-DF1C-4EFD-8020-67D146A850E0}, 6}) failed: 요소가 없습니다. (0x490)

4월 18, 2023 18:39:13.12 NEW SESSION
4월 18, 2023 18:39:13.12 [7684:2504:0418/183913.007:ERROR:device_event_log_impl.cc(222)] [18:39:13.008] USB: usb_device_handle_win.cc:1046 Failed to read descriptor from node connection: 시스템에 부착된 장치가 작동하지 않습니다. (0x1F)
4월 18, 2023 18:39:13.489 INFO: Created TensorFlow Lite XNNPACK delegate for CPU.

4월 18, 2023 18:45:17.405 NEW SESSION
4월 18, 2023 18:45:17.405 [11716:12916:0418/184517.402:ERROR:device_event_log_impl.cc(222)] [18:45:17.403] USB: usb_device_handle_win.cc:1046 Failed to read descriptor from node connection: 시스템에 부착된 장치가 작동하지 않습니다. (0x1F)
4월 18, 2023 18:45:17.735 INFO: Created TensorFlow Lite XNNPACK delegate for CPU.
4월 18, 2023 18:48:23.502 [11716:12916:0418/184823.502:ERROR:device_event_log_impl.cc(222)] [18:48:23.500] USB: usb_service_win.cc:104 SetupDiGetDeviceProperty({{A45C254E-DF1C-4EFD-8020-67D146A850E0}, 6}) failed: 요소가 없습니다. (0x490)

4월 19, 2023 15:32:15.925 NEW SESSION
4월 19, 2023 15:32:15.925 [2072:1180:0419/153215.919:ERROR:device_event_log_impl.cc(222)] [15:32:15.918] USB: usb_device_handle_win.cc:1046 Failed to read descriptor from node connection: 시스템에 부착된 장치가 작동하지 않습니다. (0x1F)
4월 19, 2023 15:32:16.33 INFO: Created TensorFlow Lite XNNPACK delegate for CPU.
4월 19, 2023 16:42:39.908 [2072:2008:0419/164056.202:ERROR:connection_factory_impl.cc(472)] ConnectionHandler failed with net error: -2
4월 19, 2023 16:42:40.08 [2072:1180:0419/164240.008:ERROR:device_event_log_impl.cc(222)] [16:42:39.982] USB: usb_service_win.cc:72 SetupDiGetDeviceProperty({{A45C254E-DF1C-4EFD-8020-67D146A850E0}, 23}) failed: 요소가 없습니다. (0x490)
4월 19, 2023 16:42:55.564 [2072:1180:0419/164255.564:ERROR:device_event_log_impl.cc(222)] [16:42:55.563] USB: usb_service_win.cc:104 SetupDiGetDeviceProperty({{A45C254E-DF1C-4EFD-8020-67D146A850E0}, 6}) failed: 요소가 없습니다. (0x490)

4월 20, 2023 13:37:43.728 NEW SESSION
4월 20, 2023 13:37:43.728 [8832:12296:0420/133743.727:ERROR:device_event_log_impl.cc(222)] [13:37:43.727] USB: usb_device_handle_win.cc:1046 Failed to read descriptor from node connection: 시스템에 부착된 장치가 작동하지 않습니다. (0x1F)
4월 20, 2023 13:37:44.49 INFO: Created TensorFlow Lite XNNPACK delegate for CPU.
4월 20, 2023 13:38:31.694 [4492:9344:0420/133831.693:ERROR:device_event_log_impl.cc(222)] [13:38:31.694] USB: usb_device_handle_win.cc:1046 Failed to read descriptor from node connection: 시스템에 부착된 장치가 작동하지 않습니다. (0x1F)
4월 20, 2023 13:38:31.802 INFO: Created TensorFlow Lite XNNPACK delegate for CPU.
4월 20, 2023 13:42:31.882 [8208:12968:0420/134231.882:ERROR:device_event_log_impl.cc(222)] [13:42:31.881] USB: usb_device_handle_win.cc:1046 Failed to read descriptor from node connection: 시스템에 부착된 장치가 작동하지 않습니다. (0x1F)
4월 20, 2023 13:42:31.990 INFO: Created TensorFlow Lite XNNPACK delegate for CPU.
4월 20, 2023 14:58:00.759 [2156:16524:0420/145800.759:ERROR:device_event_log_impl.cc(222)] [14:58:00.758] USB: usb_device_handle_win.cc:1046 Failed to read descriptor from node connection: 시스템에 부착된 장치가 작동하지 않습니다. (0x1F)
4월 20, 2023 14:58:00.874 INFO: Created TensorFlow Lite XNNPACK delegate for CPU.
4월 20, 2023 15:45:48.528 [9972:2956:0420/154548.528:ERROR:device_event_log_impl.cc(222)] [15:45:48.528] USB: usb_device_handle_win.cc:1046 Failed to read descriptor from node connection: 시스템에 부착된 장치가 작동하지 않습니다. (0x1F)
4월 20, 2023 15:45:48.628 INFO: Created TensorFlow Lite XNNPACK delegate for CPU.
4월 20, 2023 16:03:19.596 [3420:12452:0420/160319.596:ERROR:device_event_log_impl.cc(222)] [16:03:19.596] USB: usb_device_handle_win.cc:1046 Failed to read descriptor from node connection: 시스템에 부착된 장치가 작동하지 않습니다. (0x1F)
4월 20, 2023 16:03:19.718 INFO: Created TensorFlow Lite XNNPACK delegate for CPU.
4월 20, 2023 16:20:12.70 [9084:16416:0420/162012.070:ERROR:device_event_log_impl.cc(222)] [16:20:12.071] USB: usb_device_handle_win.cc:1046 Failed to read descriptor from node connection: 시스템에 부착된 장치가 작동하지 않습니다. (0x1F)
4월 20, 2023 16:20:12.192 INFO: Created TensorFlow Lite XNNPACK delegate for CPU.

4월 20, 2023 16:54:10.578 NEW SESSION
4월 20, 2023 16:54:10.578 [5740:9560:0420/165410.577:ERROR:device_event_log_impl.cc(222)] [16:54:10.576] USB: usb_device_handle_win.cc:1046 Failed to read descriptor from node connection: 시스템에 부착된 장치가 작동하지 않습니다. (0x1F)
4월 20, 2023 16:54:10.698 INFO: Created TensorFlow Lite XNNPACK delegate for CPU.
4월 20, 2023 17:05:54.318 [5740:10012:0420/170554.318:ERROR:connection_factory_impl.cc(472)] ConnectionHandler failed with net error: -2

4월 20, 2023 17:16:23.338 NEW SESSION
4월 20, 2023 17:16:23.338 [3032:11648:0420/171623.337:ERROR:device_event_log_impl.cc(222)] [17:16:23.337] USB: usb_device_handle_win.cc:1046 Failed to read descriptor from node connection: 시스템에 부착된 장치가 작동하지 않습니다. (0x1F)
4월 20, 2023 17:16:23.454 INFO: Created TensorFlow Lite XNNPACK delegate for CPU.
4월 20, 2023 17:27:02.946 [3032:18364:0420/172702.946:ERROR:connection_factory_impl.cc(472)] ConnectionHandler failed with net error: -2
4월 20, 2023 17:27:54.138 [3032:11648:0420/172754.138:ERROR:device_event_log_impl.cc(222)] [17:27:54.137] USB: usb_service_win.cc:72 SetupDiGetDeviceProperty({{A45C254E-DF1C-4EFD-8020-67D146A850E0}, 23}) failed: 요소가 없습니다. (0x490)
4월 20, 2023 17:28:22.621 [3032:11648:0420/172822.621:ERROR:device_event_log_impl.cc(222)] [17:28:22.620] USB: usb_service_win.cc:104 SetupDiGetDeviceProperty({{A45C254E-DF1C-4EFD-8020-67D146A850E0}, 6}) failed: 요소가 없습니다. (0x490)
4월 20, 2023 17:31:21.473 [3032:11648:0420/173121.472:ERROR:CONSOLE(1)] "Request Overlay.highlightNode failed. {"code":-32600,"message":"Overlay must be enabled before a tool can be shown"}", source: devtools://devtools/bundled/devtools-frontend/front_end/core/protocol_client/protocol_client.js (1)
4월 20, 2023 17:31:21.555 [3032:11648:0420/173121.555:ERROR:CONSOLE(1)] "Request Overlay.highlightNode failed. {"code":-32600,"message":"Overlay must be enabled before a tool can be shown"}", source: devtools://devtools/bundled/devtools-frontend/front_end/core/protocol_client/protocol_client.js (1)
4월 20, 2023 17:31:22.22 [3032:11648:0420/173122.022:ERROR:CONSOLE(1)] "Request Overlay.highlightNode failed. {"code":-32600,"message":"Overlay must be enabled before a tool can be shown"}", source: devtools://devtools/bundled/devtools-frontend/front_end/core/protocol_client/protocol_client.js (1)
4월 20, 2023 17:31:22.89 [3032:11648:0420/173122.088:ERROR:CONSOLE(1)] "Request Overlay.highlightNode failed. {"code":-32600,"message":"Overlay must be enabled before a tool can be shown"}", source: devtools://devtools/bundled/devtools-frontend/front_end/core/protocol_client/protocol_client.js (1)
4월 20, 2023 17:31:22.539 [3032:11648:0420/173122.538:ERROR:CONSOLE(1)] "Request Overlay.highlightNode failed. {"code":-32600,"message":"Overlay must be enabled before a tool can be shown"}", source: devtools://devtools/bundled/devtools-frontend/front_end/core/protocol_client/protocol_client.js (1)
4월 20, 2023 17:31:22.554 [3032:11648:0420/173122.554:ERROR:CONSOLE(1)] "Request Overlay.highlightNode failed. {"code":-32600,"message":"Overlay must be enabled before a tool can be shown"}", source: devtools://devtools/bundled/devtools-frontend/front_end/core/protocol_client/protocol_client.js (1)
4월 20, 2023 17:31:22.573 [3032:11648:0420/173122.572:ERROR:CONSOLE(1)] "Request Overlay.highlightNode failed. {"code":-32600,"message":"Overlay must be enabled before a tool can be shown"}", source: devtools://devtools/bundled/devtools-frontend/front_end/core/protocol_client/protocol_client.js (1)
4월 20, 2023 17:31:22.588 [3032:11648:0420/173122.588:ERROR:CONSOLE(1)] "Request Overlay.highlightNode failed. {"code":-32600,"message":"Overlay must be enabled before a tool can be shown"}", source: devtools://devtools/bundled/devtools-frontend/front_end/core/protocol_client/protocol_client.js (1)
4월 20, 2023 17:31:22.604 [3032:11648:0420/173122.603:ERROR:CONSOLE(1)] "Request Overlay.highlightNode failed. {"code":-32600,"message":"Overlay must be enabled before a tool can be shown"}", source: devtools://devtools/bundled/devtools-frontend/front_end/core/protocol_client/protocol_client.js (1)
4월 20, 2023 17:31:22.621 [3032:11648:0420/173122.621:ERROR:CONSOLE(1)] "Request Overlay.highlightNode failed. {"code":-32600,"message":"Overlay must be enabled before a tool can be shown"}", source: devtools://devtools/bundled/devtools-frontend/front_end/core/protocol_client/protocol_client.js (1)
4월 20, 2023 17:31:22.631 [3032:11648:0420/173122.630:ERROR:CONSOLE(1)] "Request Overlay.highlightNode failed. {"code":-32600,"message":"Overlay must be enabled before a tool can be shown"}", source: devtools://devtools/bundled/devtools-frontend/front_end/core/protocol_client/protocol_client.js (1)
4월 20, 2023 17:31:24.90 [3032:11648:0420/173124.089:ERROR:CONSOLE(1)] "Request Overlay.highlightNode failed. {"code":-32600,"message":"Overlay must be enabled before a tool can be shown"}", source: devtools://devtools/bundled/devtools-frontend/front_end/core/protocol_client/protocol_client.js (1)
4월 20, 2023 17:31:37.878 [3032:11648:0420/173137.878:ERROR:CONSOLE(1)] "Request Overlay.highlightNode failed. {"code":-32600,"message":"Overlay must be enabled before a tool can be shown"}", source: devtools://devtools/bundled/devtools-frontend/front_end/core/protocol_client/protocol_client.js (1)
4월 20, 2023 17:31:37.891 [3032:11648:0420/173137.891:ERROR:CONSOLE(1)] "Request Overlay.highlightNode failed. {"code":-32600,"message":"Overlay must be enabled before a tool can be shown"}", source: devtools://devtools/bundled/devtools-frontend/front_end/core/protocol_client/protocol_client.js (1)
4월 20, 2023 17:31:37.990 [3032:11648:0420/173137.990:ERROR:CONSOLE(1)] "Request Overlay.highlightNode failed. {"code":-32600,"message":"Overlay must be enabled before a tool can be shown"}", source: devtools://devtools/bundled/devtools-frontend/front_end/core/protocol_client/protocol_client.js (1)
4월 20, 2023 17:31:38.527 [3032:11648:0420/173138.527:ERROR:CONSOLE(1)] "Request Overlay.highlightNode failed. {"code":-32600,"message":"Overlay must be enabled before a tool can be shown"}", source: devtools://devtools/bundled/devtools-frontend/front_end/core/protocol_client/protocol_client.js (1)
4월 20, 2023 17:31:40.708 [3032:11648:0420/173140.708:ERROR:CONSOLE(1)] "Request Overlay.highlightNode failed. {"code":-32600,"message":"Overlay must be enabled before a tool can be shown"}", source: devtools://devtools/bundled/devtools-frontend/front_end/core/protocol_client/protocol_client.js (1)
4월 20, 2023 17:31:40.724 [3032:11648:0420/173140.724:ERROR:CONSOLE(1)] "Request Overlay.highlightNode failed. {"code":-32600,"message":"Overlay must be enabled before a tool can be shown"}", source: devtools://devtools/bundled/devtools-frontend/front_end/core/protocol_client/protocol_client.js (1)
4월 20, 2023 17:31:42.374 [3032:11648:0420/173142.374:ERROR:CONSOLE(1)] "Request Overlay.highlightNode failed. {"code":-32600,"message":"Overlay must be enabled before a tool can be shown"}", source: devtools://devtools/bundled/devtools-frontend/front_end/core/protocol_client/protocol_client.js (1)
4월 20, 2023 17:32:10.11 [libprotobuf ERROR ..\..\third_party\protobuf\src\google\protobuf\message_lite.cc:133] Can't parse message of type "safe_browsing.ClientDownloadRequest" because it is missing required fields: (cannot determine missing fields for lite message)
4월 20, 2023 17:32:48.163 [14468:18172:0420/173248.163:ERROR:device_event_log_impl.cc(222)] [17:32:48.162] USB: usb_device_handle_win.cc:1046 Failed to read descriptor from node connection: 시스템에 부착된 장치가 작동하지 않습니다. (0x1F)
4월 20, 2023 17:32:48.271 INFO: Created TensorFlow Lite XNNPACK delegate for CPU.
4월 20, 2023 17:33:02.159 [libprotobuf ERROR ..\..\third_party\protobuf\src\google\protobuf\message_lite.cc:133] Can't parse message of type "safe_browsing.ClientDownloadRequest" because it is missing required fields: (cannot determine missing fields for lite message)
4월 20, 2023 17:33:17.528 [libprotobuf ERROR ..\..\third_party\protobuf\src\google\protobuf\message_lite.cc:133] Can't parse message of type "safe_browsing.ClientDownloadRequest" because it is missing required fields: (cannot determine missing fields for lite message)
4월 20, 2023 17:33:37.686 [libprotobuf ERROR ..\..\third_party\protobuf\src\google\protobuf\message_lite.cc:133] Can't parse message of type "safe_browsing.ClientDownloadRequest" because it is missing required fields: (cannot determine missing fields for lite message)
4월 20, 2023 17:33:52.949 [libprotobuf ERROR ..\..\third_party\protobuf\src\google\protobuf\message_lite.cc:133] Can't parse message of type "safe_browsing.ClientDownloadRequest" because it is missing required fields: (cannot determine missing fields for lite message)
4월 20, 2023 17:34:31.490 [libprotobuf ERROR ..\..\third_party\protobuf\src\google\protobuf\message_lite.cc:133] Can't parse message of type "safe_browsing.ClientDownloadRequest" because it is missing required fields: (cannot determine missing fields for lite message)
4월 20, 2023 17:34:49.202 [libprotobuf ERROR ..\..\third_party\protobuf\src\google\protobuf\message_lite.cc:133] Can't parse message of type "safe_browsing.ClientDownloadRequest" because it is missing required fields: (cannot determine missing fields for lite message)
4월 20, 2023 17:35:05.814 [libprotobuf ERROR ..\..\third_party\protobuf\src\google\protobuf\message_lite.cc:133] Can't parse message of type "safe_browsing.ClientDownloadRequest" because it is missing required fields: (cannot determine missing fields for lite message)
4월 20, 2023 17:35:21.204 [libprotobuf ERROR ..\..\third_party\protobuf\src\google\protobuf\message_lite.cc:133] Can't parse message of type "safe_browsing.ClientDownloadRequest" because it is missing required fields: (cannot determine missing fields for lite message)
4월 20, 2023 17:35:35.664 [libprotobuf ERROR ..\..\third_party\protobuf\src\google\protobuf\message_lite.cc:133] Can't parse message of type "safe_browsing.ClientDownloadRequest" because it is missing required fields: (cannot determine missing fields for lite message)

4월 20, 2023 18:28:30.921 NEW SESSION
4월 20, 2023 18:28:30.921 [852:6460:0420/182830.920:ERROR:device_event_log_impl.cc(222)] [18:28:30.920] USB: usb_device_handle_win.cc:1046 Failed to read descriptor from node connection: 시스템에 부착된 장치가 작동하지 않습니다. (0x1F)
4월 20, 2023 18:28:31.404 INFO: Created TensorFlow Lite XNNPACK delegate for CPU.
4월 20, 2023 18:46:42.940 [17992:11332:0420/184642.940:ERROR:device_event_log_impl.cc(222)] [18:46:42.942] USB: usb_device_handle_win.cc:1046 Failed to read descriptor from node connection: 시스템에 부착된 장치가 작동하지 않습니다. (0x1F)
4월 20, 2023 18:46:43.78 INFO: Created TensorFlow Lite XNNPACK delegate for CPU.
4월 20, 2023 18:47:12.526 [libprotobuf ERROR ..\..\third_party\protobuf\src\google\protobuf\message_lite.cc:133] Can't parse message of type "safe_browsing.ClientDownloadRequest" because it is missing required fields: (cannot determine missing fields for lite message)
4월 20, 2023 18:47:34.733 [libprotobuf ERROR ..\..\third_party\protobuf\src\google\protobuf\message_lite.cc:133] Can't parse message of type "safe_browsing.ClientDownloadRequest" because it is missing required fields: (cannot determine missing fields for lite message)

4월 21, 2023 14:06:18.548 NEW SESSION
4월 21, 2023 14:06:18.548 [15508:13664:0421/140618.546:ERROR:device_event_log_impl.cc(222)] [14:06:18.547] USB: usb_device_handle_win.cc:1046 Failed to read descriptor from node connection: 시스템에 부착된 장치가 작동하지 않습니다. (0x1F)
4월 21, 2023 14:06:18.784 INFO: Created TensorFlow Lite XNNPACK delegate for CPU.

4월 21, 2023 16:24:22.704 NEW SESSION
4월 21, 2023 16:24:22.704 [8296:12352:0421/162422.703:ERROR:device_event_log_impl.cc(222)] [16:24:22.702] USB: usb_device_handle_win.cc:1046 Failed to read descriptor from node connection: 시스템에 부착된 장치가 작동하지 않습니다. (0x1F)
4월 21, 2023 16:24:23.81 INFO: Created TensorFlow Lite XNNPACK delegate for CPU.

4월 24, 2023 12:01:46.812 NEW SESSION
4월 24, 2023 12:01:46.812 [2712:3920:0424/120146.810:ERROR:device_event_log_impl.cc(222)] [12:01:46.810] USB: usb_device_handle_win.cc:1046 Failed to read descriptor from node connection: 시스템에 부착된 장치가 작동하지 않습니다. (0x1F)
4월 24, 2023 12:01:47.293 INFO: Created TensorFlow Lite XNNPACK delegate for CPU.
4월 24, 2023 12:05:21.843 [2712:3920:0424/120521.842:ERROR:device_event_log_impl.cc(222)] [12:05:21.840] USB: usb_service_win.cc:104 SetupDiGetDeviceProperty({{A45C254E-DF1C-4EFD-8020-67D146A850E0}, 6}) failed: 요소가 없습니다. (0x490)

4월 26, 2023 16:32:00.372 NEW SESSION
4월 26, 2023 16:32:00.372 [20812:23384:0426/163200.372:ERROR:device_event_log_impl.cc(222)] [16:32:00.372] USB: usb_device_handle_win.cc:1046 Failed to read descriptor from node connection: 시스템에 부착된 장치가 작동하지 않습니다. (0x1F)
4월 26, 2023 16:32:00.580 INFO: Created TensorFlow Lite XNNPACK delegate for CPU.

4월 26, 2023 17:19:21.350 NEW SESSION
4월 26, 2023 17:19:21.350 [19988:19244:0426/171921.348:ERROR:device_event_log_impl.cc(222)] [17:19:21.348] USB: usb_device_handle_win.cc:1046 Failed to read descriptor from node connection: 시스템에 부착된 장치가 작동하지 않습니다. (0x1F)
4월 26, 2023 17:19:21.744 INFO: Created TensorFlow Lite XNNPACK delegate for CPU.

4월 26, 2023 19:04:34.630 NEW SESSION
4월 26, 2023 19:04:34.630 [21292:22316:0426/190434.623:ERROR:device_event_log_impl.cc(222)] [19:04:34.623] USB: usb_device_handle_win.cc:1046 Failed to read descriptor from node connection: 시스템에 부착된 장치가 작동하지 않습니다. (0x1F)
4월 26, 2023 19:04:34.774 INFO: Created TensorFlow Lite XNNPACK delegate for CPU.
